\BOOKMARK [1][-]{section.1}{\376\377\137\025\212\000}{}% 1
\BOOKMARK [2][-]{subsection.1.1}{\376\377\155\033\117\046\121\171\145\271\172\013\166\204\145\160\133\146\210\150\217\360}{section.1}% 2
\BOOKMARK [2][-]{subsection.1.2}{\376\377\136\163\210\141\160\271\122\006\147\220}{section.1}% 3
\BOOKMARK [2][-]{subsection.1.3}{\376\377\155\367\154\214\162\171\140\047}{section.1}% 4
\BOOKMARK [1][-]{section.2}{\376\377\237\231\150\074\136\223\130\124\145\271\154\325\154\102\211\343\155\033\117\046\121\171\145\271\172\013}{}% 5
\BOOKMARK [2][-]{subsection.2.1}{\376\377\154\102\211\343\145\271\154\325}{section.2}% 6
\BOOKMARK [2][-]{subsection.2.2}{\376\377\116\015\124\014\123\302\145\160\116\013\166\204\155\033\117\046\121\171\124\070\137\025\133\120}{section.2}% 7
\BOOKMARK [2][-]{subsection.2.3}{\376\377\121\170\127\213\123\302\145\160\176\304\124\010\166\204\166\370\172\172\225\364\162\171\137\201}{section.2}% 8
\BOOKMARK [2][-]{subsection.2.4}{\376\377\213\357\135\356\145\076\131\047\126\340\133\120\213\241\173\227}{section.2}% 9
\BOOKMARK [2][-]{subsection.2.5}{\376\377\173\046\123\367\136\217\122\027\116\000\201\364\140\047}{section.2}% 10
\BOOKMARK [1][-]{section.3}{\376\377\155\033\117\046\121\171\145\271\172\013\166\204\172\063\133\232\127\337\122\006\147\220}{}% 11
\BOOKMARK [2][-]{subsection.3.1}{\376\377\225\356\230\230\143\317\217\360}{section.3}% 12
\BOOKMARK [2][-]{subsection.3.2}{\376\377\136\163\210\141\160\271\116\016\172\063\133\232\127\337\166\204\145\160\133\146\121\163\174\373}{section.3}% 13
\BOOKMARK [2][-]{subsection.3.3}{\376\377\173\227\154\325\213\276\213\241\140\035\215\357}{section.3}% 14
\BOOKMARK [2][-]{subsection.3.4}{\376\377\145\160\133\146\136\372\152\041\116\016\133\236\163\260}{section.3}% 15
\BOOKMARK [3][-]{subsubsection.3.4.1}{\376\377\176\277\140\047\217\321\117\074}{subsection.3.4}% 16
\BOOKMARK [3][-]{subsubsection.3.4.2}{\376\377\150\007\121\306\137\142\137\017\217\154\143\142}{subsection.3.4}% 17
\BOOKMARK [3][-]{subsubsection.3.4.3}{\376\377\203\003\145\160\147\204\220\040\116\016\172\063\133\232\127\337\122\044\143\156}{subsection.3.4}% 18
\BOOKMARK [3][-]{subsubsection.3.4.4}{\376\377\127\120\150\007\140\142\131\015\116\016\123\357\211\306\123\026}{subsection.3.4}% 19
\BOOKMARK [2][-]{subsection.3.5}{\376\377\173\227\154\325\133\236\163\260\150\106\147\266}{section.3}% 20
\BOOKMARK [2][-]{subsection.3.6}{\376\377\213\241\173\227\176\323\147\234\116\016\122\006\147\220}{section.3}% 21
\BOOKMARK [1][-]{section.4}{\376\377\176\323\213\272\116\016\134\125\147\033}{}% 22
\BOOKMARK [2][-]{subsection.4.1}{\376\377\116\073\211\201\176\323\213\272}{section.4}% 23
\BOOKMARK [2][-]{subsection.4.2}{\376\377\147\052\147\145\170\024\172\166\145\271\124\021}{section.4}% 24
\BOOKMARK [2][-]{subsection.4.3}{\376\377\141\037\140\237}{section.4}% 25
\BOOKMARK [1][-]{section.5}{\376\377\116\343\170\001\133\236\163\260}{}% 26
\BOOKMARK [2][-]{subsection.5.1}{\376\377\155\033\117\046\121\171\145\271\172\013\154\102\211\343\150\070\137\303\116\343\170\001}{section.5}% 27
\BOOKMARK [3][-]{subsubsection.5.1.1}{\376\377\155\033\117\046\121\171\145\271\172\013\166\204\000R\000K\0004\154\102\211\343\173\227\154\325}{subsection.5.1}% 28
\BOOKMARK [3][-]{subsubsection.5.1.2}{\376\377\155\033\117\046\121\171\124\070\137\025\133\120\176\330\122\066}{subsection.5.1}% 29
\BOOKMARK [2][-]{subsection.5.2}{\376\377\213\357\135\356\122\006\147\220\116\016\173\046\123\367\136\217\122\027\116\343\170\001}{section.5}% 30
\BOOKMARK [3][-]{subsubsection.5.2.1}{\376\377\213\357\135\356\145\076\131\047\126\340\133\120\213\241\173\227}{subsection.5.2}% 31
\BOOKMARK [3][-]{subsubsection.5.2.2}{\376\377\173\046\123\367\136\217\122\027\213\241\173\227}{subsection.5.2}% 32
\BOOKMARK [2][-]{subsection.5.3}{\376\377\172\063\133\232\127\337\213\241\173\227\150\070\137\303\116\343\170\001}{section.5}% 33
\BOOKMARK [3][-]{subsubsection.5.3.1}{\376\377\176\277\140\047\123\026\167\351\226\065\165\037\142\020}{subsection.5.3}% 34
\BOOKMARK [3][-]{subsubsection.5.3.2}{\376\377\162\171\137\201\120\074\213\241\173\227}{subsection.5.3}% 35
\BOOKMARK [3][-]{subsubsection.5.3.3}{\376\377\123\330\143\142\167\351\226\065\147\204\220\040}{subsection.5.3}% 36
\BOOKMARK [3][-]{subsubsection.5.3.4}{\376\377\172\063\133\232\127\337\176\330\122\066}{subsection.5.3}% 37
