\BOOKMARK [1][-]{section.1}{\376\377\137\025\212\000}{}% 1
\BOOKMARK [2][-]{subsection.1.1}{\376\377\170\024\172\166\200\314\146\157\116\016\141\017\116\111}{section.1}% 2
\BOOKMARK [2][-]{subsection.1.2}{\376\377\166\370\121\163\170\024\172\166\176\374\217\360}{section.1}% 3
\BOOKMARK [3][-]{subsubsection.1.2.1}{\376\377\131\032\146\172\200\375\117\123\123\117\117\134\164\006\213\272}{subsection.1.2}% 4
\BOOKMARK [3][-]{subsubsection.1.2.2}{\376\377\213\244\167\345\147\266\147\204\116\016\000B\000D\000I\152\041\127\213}{subsection.1.2}% 5
\BOOKMARK [3][-]{subsubsection.1.2.3}{\376\377\162\151\155\101\221\115\220\001\173\126\165\145\170\024\172\166}{subsection.1.2}% 6
\BOOKMARK [1][-]{section.2}{\376\377\127\372\116\216\000B\000D\000I\166\204\136\372\152\041}{}% 7
\BOOKMARK [2][-]{subsection.2.1}{\376\377\000B\000D\000I\147\266\147\204\151\202\217\360}{section.2}% 8
\BOOKMARK [2][-]{subsection.2.2}{\376\377\143\007\143\045\116\055\137\303\000B\000D\000I\152\041\127\213}{section.2}% 9
\BOOKMARK [2][-]{subsection.2.3}{\376\377\137\002\147\204\146\172\200\375\117\123\000B\000D\000I\152\041\127\213}{section.2}% 10
\BOOKMARK [3][-]{subsubsection.2.3.1}{\376\377\145\340\116\272\147\072\000\050\000U\000A\000V\000\051\000B\000D\000I\152\041\127\213}{subsection.2.3}% 11
\BOOKMARK [3][-]{subsubsection.2.3.2}{\376\377\145\340\116\272\217\146\000\050\000A\000G\000V\000\051\000B\000D\000I\152\041\127\213}{subsection.2.3}% 12
\BOOKMARK [3][-]{subsubsection.2.3.3}{\376\377\147\072\126\150\162\327\000\050\000R\000o\000b\000o\000t\000\040\000D\000o\000g\000\051\000B\000D\000I\152\041\127\213}{subsection.2.3}% 13
\BOOKMARK [2][-]{subsection.2.4}{\376\377\127\372\116\216\211\304\122\031\166\204\143\250\164\006\147\072\122\066}{section.2}% 14
\BOOKMARK [3][-]{subsubsection.2.4.1}{\376\377\116\373\122\241\122\006\221\115\211\304\122\031}{subsection.2.4}% 15
\BOOKMARK [3][-]{subsubsection.2.4.2}{\376\377\175\047\140\045\116\373\122\241\131\004\164\006\211\304\122\031}{subsection.2.4}% 16
\BOOKMARK [3][-]{subsubsection.2.4.3}{\376\377\215\357\137\204\211\304\122\022\211\304\122\031}{subsection.2.4}% 17
\BOOKMARK [2][-]{subsection.2.5}{\376\377\116\011\134\102\123\117\117\134\147\266\147\204}{section.2}% 18
\BOOKMARK [1][-]{section.3}{\376\377\136\372\152\041\140\035\215\357}{}% 19
\BOOKMARK [2][-]{subsection.3.1}{\376\377\137\002\147\204\146\172\200\375\117\123\213\276\213\241}{section.3}% 20
\BOOKMARK [2][-]{subsection.3.2}{\376\377\123\314\173\126\165\145\121\263\173\126\147\072\122\066}{section.3}% 21
\BOOKMARK [3][-]{subsubsection.3.2.1}{\376\377\166\364\217\276\173\126\165\145}{subsection.3.2}% 22
\BOOKMARK [3][-]{subsubsection.3.2.2}{\376\377\116\055\217\154\173\126\165\145}{subsection.3.2}% 23
\BOOKMARK [3][-]{subsubsection.3.2.3}{\376\377\173\126\165\145\220\011\142\351\173\227\154\325}{subsection.3.2}% 24
\BOOKMARK [2][-]{subsection.3.3}{\376\377\215\357\137\204\211\304\122\022\173\227\154\325}{section.3}% 25
\BOOKMARK [3][-]{subsubsection.3.3.1}{\376\377\000A\000*\215\357\137\204\211\304\122\022\173\227\154\325}{subsection.3.3}% 26
\BOOKMARK [3][-]{subsubsection.3.3.2}{\376\377\215\357\137\204\123\357\217\276\140\047\131\004\164\006}{subsection.3.3}% 27
\BOOKMARK [2][-]{subsection.3.4}{\376\377\131\032\146\172\200\375\117\123\123\117\214\003}{section.3}% 28
\BOOKMARK [3][-]{subsubsection.3.4.1}{\376\377\116\373\122\241\226\037\122\027\117\030\121\110\176\247\173\241\164\006}{subsection.3.4}% 29
\BOOKMARK [3][-]{subsubsection.3.4.2}{\376\377\146\172\200\375\217\324\172\013\121\263\173\126}{subsection.3.4}% 30
\BOOKMARK [2][-]{subsection.3.5}{\376\377\163\257\130\203\136\372\152\041}{section.3}% 31
\BOOKMARK [3][-]{subsubsection.3.5.1}{\376\377\142\030\116\211\217\367\226\376\147\072\122\066}{subsection.3.5}% 32
\BOOKMARK [3][-]{subsubsection.3.5.2}{\376\377\000P\000e\000r\000l\000i\000n\126\152\130\360\127\060\137\142\165\037\142\020}{subsection.3.5}% 33
\BOOKMARK [2][-]{subsection.3.6}{\376\377\123\357\211\306\123\026\116\016\145\345\137\327}{section.3}% 34
\BOOKMARK [3][-]{subsubsection.3.6.1}{\376\377\123\357\211\306\123\026\174\373\176\337\213\276\213\241}{subsection.3.6}% 35
\BOOKMARK [3][-]{subsubsection.3.6.2}{\376\377\145\345\137\327\174\373\176\337\116\016\145\160\143\156\122\006\147\220}{subsection.3.6}% 36
\BOOKMARK [1][-]{section.4}{\376\377\152\041\127\213\155\113\213\325}{}% 37
\BOOKMARK [2][-]{subsection.4.1}{\376\377\155\113\213\325\127\072\146\157\213\276\213\241}{section.4}% 38
\BOOKMARK [2][-]{subsection.4.2}{\376\377\121\163\225\056\140\047\200\375\143\007\150\007}{section.4}% 39
\BOOKMARK [3][-]{subsubsection.4.2.1}{\376\377\140\047\200\375\213\304\117\060\143\007\150\007\116\016\145\160\143\156\122\006\147\220\121\154\137\017}{subsection.4.2}% 40
\BOOKMARK [3][-]{subsubsection.4.2.2}{\376\377\174\373\176\337\140\047\200\375\151\202\211\310}{subsection.4.2}% 41
\BOOKMARK [3][-]{subsubsection.4.2.3}{\376\377\215\037\217\175\127\107\210\141\122\006\147\220}{subsection.4.2}% 42
\BOOKMARK [2][-]{subsection.4.3}{\376\377\123\117\117\134\145\110\147\234\122\006\147\220}{section.4}% 43
\BOOKMARK [3][-]{subsubsection.4.3.1}{\376\377\116\055\217\154\173\126\165\145\116\016\166\364\217\276\173\126\165\145\133\371\153\324}{subsection.4.3}% 44
\BOOKMARK [3][-]{subsubsection.4.3.2}{\376\377\116\055\217\154\123\117\117\134\116\044\226\066\153\265\122\006\147\220}{subsection.4.3}% 45
\BOOKMARK [3][-]{subsubsection.4.3.3}{\376\377\146\172\200\375\117\123\123\117\117\134\177\121\176\334\122\006\147\220}{subsection.4.3}% 46
\BOOKMARK [3][-]{subsubsection.4.3.4}{\376\377\116\373\122\241\142\147\210\114\145\366\225\364\217\164\122\006\147\220}{subsection.4.3}% 47
\BOOKMARK [3][-]{subsubsection.4.3.5}{\376\377\140\047\200\375\143\007\150\007\154\107\140\073}{subsection.4.3}% 48
\BOOKMARK [2][-]{subsection.4.4}{\376\377\174\373\176\337\123\357\211\306\123\026\134\125\171\072}{section.4}% 49
\BOOKMARK [1][-]{section.5}{\376\377\140\073\176\323\116\016\134\125\147\033}{}% 50
\BOOKMARK [2][-]{subsection.5.1}{\376\377\174\373\176\337\117\030\122\277\116\016\122\033\145\260\160\271}{section.5}% 51
\BOOKMARK [2][-]{subsection.5.2}{\376\377\133\236\155\113\140\047\200\375\140\073\176\323}{section.5}% 52
\BOOKMARK [2][-]{subsection.5.3}{\376\377\147\052\147\145\170\024\172\166\145\271\124\021}{section.5}% 53
\BOOKMARK [1][-]{section.6}{\376\377\176\323\213\272}{}% 54
